0 info it worked if it ends with ok
1 verbose cli [ 'node',
1 verbose cli   '/Users/iwai/.nodebrew/current/bin/npm',
1 verbose cli   'version',
1 verbose cli   'patch' ]
2 info using npm@2.7.3
3 info using node@v0.10.32
4 verbose node symlink /Users/iwai/.nodebrew/current/bin/node
5 info git [ 'status', '--porcelain' ]
6 verbose stack Error: Git working directory not clean.
6 verbose stack M package.json
6 verbose stack     at /Users/iwai/.nodebrew/node/v0.10.32/lib/node_modules/npm/lib/version.js:138:37
6 verbose stack     at /Users/iwai/.nodebrew/node/v0.10.32/lib/node_modules/npm/lib/utils/git.js:26:8
6 verbose stack     at ChildProcess.exithandler (child_process.js:646:7)
6 verbose stack     at ChildProcess.emit (events.js:98:17)
6 verbose stack     at maybeClose (child_process.js:756:16)
6 verbose stack     at Socket.<anonymous> (child_process.js:969:11)
6 verbose stack     at Socket.emit (events.js:95:17)
6 verbose stack     at Pipe.close (net.js:465:12)
7 verbose cwd /Users/iwai/node/study/sushipm
8 error Darwin 14.1.0
9 error argv "node" "/Users/iwai/.nodebrew/current/bin/npm" "version" "patch"
10 error node v0.10.32
11 error npm  v2.7.3
12 error Git working directory not clean.
12 error M package.json
13 error If you need help, you may report this error at:
13 error     <https://github.com/npm/npm/issues>
14 verbose exit [ 1, true ]
